<?xml version="1.0" encoding="UTF-8"?>
<!-- Generated by org.testng.reporters.JUnitReportReporter -->
<testsuite hostname="LAPTOP-C1AEMFQ7" failures="0" tests="1" name="testscript.AdminTest" time="4.392" errors="0" timestamp="2025-09-19T23:32:41 IST" skipped="0">
  <testcase classname="testscript.AdminTest" name="verifyreset" time="4.392"/>
</testsuite> <!-- testscript.AdminTest -->
