<?xml version="1.0" encoding="UTF-8"?>
<!-- Generated by org.testng.reporters.JUnitReportReporter -->
<testsuite hostname="LAPTOP-C1AEMFQ7" failures="0" tests="4" name="TestScript.LoginTest" time="15.391" errors="0" timestamp="2025-09-16T09:53:47 IST" skipped="0">
  <testcase classname="TestScript.LoginTest" name="verifyvalidusernamevalidpassword" time="3.661"/>
  <testcase classname="TestScript.LoginTest" name="verifyvalidusernameinvalidpassword" time="3.124"/>
  <testcase classname="TestScript.LoginTest" name="verifyinvalidusernamevalidpassword" time="4.267"/>
  <testcase classname="TestScript.LoginTest" name="verifyinvalidusernameinvalidpassword" time="4.339"/>
</testsuite> <!-- TestScript.LoginTest -->
