<?xml version="1.0" encoding="UTF-8"?>
<!-- Generated by org.testng.reporters.JUnitReportReporter -->
<testsuite hostname="LAPTOP-C1AEMFQ7" failures="0" tests="3" name="testscript.LoginTest" time="10.679" errors="0" timestamp="2025-09-23T10:22:02 IST" skipped="0">
  <testcase classname="testscript.LoginTest" name="verifyinvalidusernameinvalidpassword" time="3.077"/>
  <testcase classname="testscript.LoginTest" name="verifyinvalidusernameinvalidpassword" time="4.194"/>
  <testcase classname="testscript.LoginTest" name="verifyinvalidusernameinvalidpassword" time="3.408"/>
</testsuite> <!-- testscript.LoginTest -->
